<?xml version="1.0" encoding="UTF-8"?>
<coverage generated="1680978321866" clover="3.2.0">
  <project timestamp="1680978321866" name="All files">
    <metrics statements="25" coveredstatements="19" conditionals="9" coveredconditionals="9" methods="2" coveredmethods="1" elements="36" coveredelements="29" complexity="0" loc="25" ncloc="25" packages="1" files="1" classes="1"/>
    <file name="chispum.js" path="C:\Users\PC\Desktop\actividad 1\ChisPum\chispum.js">
      <metrics statements="25" coveredstatements="19" conditionals="9" coveredconditionals="9" methods="2" coveredmethods="1"/>
      <line num="1" count="0" type="stmt"/>
      <line num="2" count="0" type="stmt"/>
      <line num="3" count="0" type="stmt"/>
      <line num="4" count="0" type="stmt"/>
      <line num="5" count="0" type="stmt"/>
      <line num="6" count="0" type="stmt"/>
      <line num="7" count="1" type="stmt"/>
      <line num="8" count="2" type="cond" truecount="1" falsecount="0"/>
      <line num="9" count="2" type="stmt"/>
      <line num="10" count="2" type="stmt"/>
      <line num="11" count="2" type="cond" truecount="1" falsecount="0"/>
      <line num="12" count="30" type="cond" truecount="3" falsecount="0"/>
      <line num="13" count="28" type="cond" truecount="2" falsecount="0"/>
      <line num="14" count="20" type="cond" truecount="2" falsecount="0"/>
      <line num="15" count="30" type="stmt"/>
      <line num="16" count="30" type="stmt"/>
      <line num="17" count="30" type="stmt"/>
      <line num="18" count="30" type="stmt"/>
      <line num="19" count="2" type="stmt"/>
      <line num="20" count="2" type="stmt"/>
      <line num="21" count="1" type="stmt"/>
      <line num="22" count="1" type="stmt"/>
      <line num="23" count="1" type="stmt"/>
      <line num="24" count="1" type="stmt"/>
      <line num="25" count="1" type="stmt"/>
    </file>
  </project>
</coverage>
