{"C:\\Users\\PC\\Desktop\\actividad 1\\ChisPum\\chispum.js": {"path":"C:\\Users\\PC\\Desktop\\actividad 1\\ChisPum\\chispum.js","all":false,"statementMap":{"0":{"start":{"line":1,"column":0},"end":{"line":1,"column":26}},"1":{"start":{"line":2,"column":0},"end":{"line":2,"column":64}},"2":{"start":{"line":3,"column":0},"end":{"line":3,"column":35}},"3":{"start":{"line":4,"column":0},"end":{"line":4,"column":34}},"4":{"start":{"line":5,"column":0},"end":{"line":5,"column":13}},"5":{"start":{"line":6,"column":0},"end":{"line":6,"column":1}},"6":{"start":{"line":7,"column":0},"end":{"line":7,"column":0}},"7":{"start":{"line":8,"column":0},"end":{"line":8,"column":30}},"8":{"start":{"line":9,"column":0},"end":{"line":9,"column":16}},"9":{"start":{"line":10,"column":0},"end":{"line":10,"column":21}},"10":{"start":{"line":11,"column":0},"end":{"line":11,"column":31}},"11":{"start":{"line":12,"column":0},"end":{"line":12,"column":60}},"12":{"start":{"line":13,"column":0},"end":{"line":13,"column":30}},"13":{"start":{"line":14,"column":0},"end":{"line":14,"column":29}},"14":{"start":{"line":15,"column":0},"end":{"line":15,"column":10}},"15":{"start":{"line":16,"column":0},"end":{"line":16,"column":30}},"16":{"start":{"line":17,"column":0},"end":{"line":17,"column":29}},"17":{"start":{"line":18,"column":0},"end":{"line":18,"column":5}},"18":{"start":{"line":19,"column":0},"end":{"line":19,"column":19}},"19":{"start":{"line":20,"column":0},"end":{"line":20,"column":1}},"20":{"start":{"line":21,"column":0},"end":{"line":21,"column":0}},"21":{"start":{"line":22,"column":0},"end":{"line":22,"column":20}},"22":{"start":{"line":23,"column":0},"end":{"line":23,"column":0}},"23":{"start":{"line":24,"column":0},"end":{"line":24,"column":33}},"24":{"start":{"line":25,"column":0},"end":{"line":25,"column":53}}},"s":{"0":0,"1":0,"2":0,"3":0,"4":0,"5":0,"6":1,"7":2,"8":2,"9":2,"10":2,"11":30,"12":28,"13":20,"14":30,"15":30,"16":30,"17":30,"18":2,"19":2,"20":1,"21":1,"22":1,"23":1,"24":1},"branchMap":{"0":{"type":"branch","line":8,"loc":{"start":{"line":8,"column":0},"end":{"line":20,"column":1}},"locations":[{"start":{"line":8,"column":0},"end":{"line":20,"column":1}}]},"1":{"type":"branch","line":11,"loc":{"start":{"line":11,"column":30},"end":{"line":18,"column":5}},"locations":[{"start":{"line":11,"column":30},"end":{"line":18,"column":5}}]},"2":{"type":"branch","line":12,"loc":{"start":{"line":12,"column":30},"end":{"line":12,"column":45}},"locations":[{"start":{"line":12,"column":30},"end":{"line":12,"column":45}}]},"3":{"type":"branch","line":12,"loc":{"start":{"line":12,"column":45},"end":{"line":12,"column":58}},"locations":[{"start":{"line":12,"column":45},"end":{"line":12,"column":58}}]},"4":{"type":"branch","line":12,"loc":{"start":{"line":12,"column":58},"end":{"line":15,"column":9}},"locations":[{"start":{"line":12,"column":58},"end":{"line":15,"column":9}}]},"5":{"type":"branch","line":13,"loc":{"start":{"line":13,"column":19},"end":{"line":13,"column":28}},"locations":[{"start":{"line":13,"column":19},"end":{"line":13,"column":28}}]},"6":{"type":"branch","line":13,"loc":{"start":{"line":13,"column":28},"end":{"line":15,"column":9}},"locations":[{"start":{"line":13,"column":28},"end":{"line":15,"column":9}}]},"7":{"type":"branch","line":14,"loc":{"start":{"line":14,"column":19},"end":{"line":14,"column":27}},"locations":[{"start":{"line":14,"column":19},"end":{"line":14,"column":27}}]},"8":{"type":"branch","line":14,"loc":{"start":{"line":14,"column":27},"end":{"line":15,"column":9}},"locations":[{"start":{"line":14,"column":27},"end":{"line":15,"column":9}}]}},"b":{"0":[2],"1":[30],"2":[10],"3":[2],"4":[28],"5":[8],"6":[20],"7":[4],"8":[16]},"fnMap":{"0":{"name":"chispum","decl":{"start":{"line":1,"column":0},"end":{"line":6,"column":1}},"loc":{"start":{"line":1,"column":0},"end":{"line":6,"column":1}},"line":1},"1":{"name":"chispumAutomatico","decl":{"start":{"line":8,"column":0},"end":{"line":20,"column":1}},"loc":{"start":{"line":8,"column":0},"end":{"line":20,"column":1}},"line":8}},"f":{"0":0,"1":2}}
}
