TN:
SF:chispum.js
FN:1,chispum
FN:8,chispumAutomatico
FNF:2
FNH:2
FNDA:4,chispum
FNDA:2,chispumAutomatico
DA:1,4
DA:2,4
DA:3,3
DA:4,3
DA:5,4
DA:6,4
DA:7,1
DA:8,2
DA:9,2
DA:10,2
DA:11,2
DA:12,30
DA:13,28
DA:14,20
DA:15,30
DA:16,30
DA:17,30
DA:18,30
DA:19,2
DA:20,2
DA:21,1
DA:22,1
DA:23,1
DA:24,1
DA:25,1
LF:25
LH:25
BRDA:1,0,0,4
BRDA:2,1,0,1
BRDA:2,2,0,1
BRDA:2,3,0,3
BRDA:3,4,0,0
BRDA:4,5,0,1
BRDA:4,6,0,2
BRDA:8,7,0,2
BRDA:11,8,0,30
BRDA:12,9,0,10
BRDA:12,10,0,2
BRDA:12,11,0,28
BRDA:13,12,0,8
BRDA:13,13,0,20
BRDA:14,14,0,4
BRDA:14,15,0,16
BRF:16
BRH:15
end_of_record
